Added Component: Designator=C1(C0603)
Add component (AddParameter): Name = "Fitted"; Value = "Fitted"; VariantName = "[No Variations]"
Add component (AddParameter): Name = "Generic"; Value = "Generic"; VariantName = "[No Variations]"
Add component (AddParameter): Name = "Manufacturer"; Value = "TDK Corporation"; VariantName = "[No Variations]"
Add component (AddParameter): Name = "Manufacturer Part No"; Value = "CGA3E2X7R1H104K080AA"; VariantName = "[No Variations]"
Add component (AddParameter): Name = "Package Ref"; Value = "C0603"; VariantName = "[No Variations]"
Add component (AddParameter): Name = "Part Reference"; Value = "CGA3E2X7R1H104K080AA"; VariantName = "[No Variations]"
Add component (AddParameter): Name = "Ready for use"; Value = "y"; VariantName = "[No Variations]"
Add component (AddParameter): Name = "Specification"; Value = "X7R, 50V, AEC-Q200 Qualified"; VariantName = "[No Variations]"
Add component (AddParameter): Name = "Supplier"; Value = "Digi-Key"; VariantName = "[No Variations]"
Add component (AddParameter): Name = "Supplier Part No"; Value = "445-5666-1-ND"; VariantName = "[No Variations]"
Add component (AddParameter): Name = "Value"; Value = "100nF"; VariantName = "[No Variations]"
Add component (AddParameter): Name = "Voltage"; Value = "50V"; VariantName = "[No Variations]"
Added Component: Designator=C2(C0805)
Add component (AddParameter): Name = "Fitted"; Value = "Fitted"; VariantName = "[No Variations]"
Add component (AddParameter): Name = "Generic"; Value = "Generic"; VariantName = "[No Variations]"
Add component (AddParameter): Name = "Manufacturer"; Value = "TDK Corporation"; VariantName = "[No Variations]"
Add component (AddParameter): Name = "Manufacturer Part No"; Value = "CGA4J1X7S1C106K125AC"; VariantName = "[No Variations]"
Add component (AddParameter): Name = "Package Ref"; Value = "C0805"; VariantName = "[No Variations]"
Add component (AddParameter): Name = "Part Reference"; Value = "CGA4J1X7S1C106K125AC"; VariantName = "[No Variations]"
Add component (AddParameter): Name = "Ready for use"; Value = "y"; VariantName = "[No Variations]"
Add component (AddParameter): Name = "Specification"; Value = "X7S, 16V, AEC-Q200 Qualified"; VariantName = "[No Variations]"
Add component (AddParameter): Name = "Supplier"; Value = "Digi-Key"; VariantName = "[No Variations]"
Add component (AddParameter): Name = "Supplier Part No"; Value = "445-16110-1-ND"; VariantName = "[No Variations]"
Add component (AddParameter): Name = "Value"; Value = "10uF"; VariantName = "[No Variations]"
Add component (AddParameter): Name = "Voltage"; Value = "16V"; VariantName = "[No Variations]"
Added Component: Designator=C3(C0805)
Add component (AddParameter): Name = "Fitted"; Value = "Fitted"; VariantName = "[No Variations]"
Add component (AddParameter): Name = "Generic"; Value = "Generic"; VariantName = "[No Variations]"
Add component (AddParameter): Name = "Manufacturer"; Value = "TDK Corporation"; VariantName = "[No Variations]"
Add component (AddParameter): Name = "Manufacturer Part No"; Value = "CGA4J1X7S1C106K125AC"; VariantName = "[No Variations]"
Add component (AddParameter): Name = "Package Ref"; Value = "C0805"; VariantName = "[No Variations]"
Add component (AddParameter): Name = "Part Reference"; Value = "CGA4J1X7S1C106K125AC"; VariantName = "[No Variations]"
Add component (AddParameter): Name = "Ready for use"; Value = "y"; VariantName = "[No Variations]"
Add component (AddParameter): Name = "Specification"; Value = "X7S, 16V, AEC-Q200 Qualified"; VariantName = "[No Variations]"
Add component (AddParameter): Name = "Supplier"; Value = "Digi-Key"; VariantName = "[No Variations]"
Add component (AddParameter): Name = "Supplier Part No"; Value = "445-16110-1-ND"; VariantName = "[No Variations]"
Add component (AddParameter): Name = "Value"; Value = "10uF"; VariantName = "[No Variations]"
Add component (AddParameter): Name = "Voltage"; Value = "16V"; VariantName = "[No Variations]"
Added Component: Designator=J1(2mm_pads_4)
Add component (AddParameter): Name = "Fitted"; Value = "Fitted"; VariantName = "[No Variations]"
Add component (AddParameter): Name = "Generic"; Value = "Generic"; VariantName = "[No Variations]"
Add component (AddParameter): Name = "Manufacturer Part No"; Value = "2mm_pads_4"; VariantName = "[No Variations]"
Add component (AddParameter): Name = "Package Ref"; Value = "2mm_pads_4"; VariantName = "[No Variations]"
Add component (AddParameter): Name = "Part Reference"; Value = "2mm_pads_4"; VariantName = "[No Variations]"
Add component (AddParameter): Name = "Ready for use"; Value = "y"; VariantName = "[No Variations]"
Added Component: Designator=J2(2mm_pads_4)
Add component (AddParameter): Name = "Fitted"; Value = "Fitted"; VariantName = "[No Variations]"
Add component (AddParameter): Name = "Generic"; Value = "Generic"; VariantName = "[No Variations]"
Add component (AddParameter): Name = "Manufacturer Part No"; Value = "2mm_pads_4"; VariantName = "[No Variations]"
Add component (AddParameter): Name = "Package Ref"; Value = "2mm_pads_4"; VariantName = "[No Variations]"
Add component (AddParameter): Name = "Part Reference"; Value = "2mm_pads_4"; VariantName = "[No Variations]"
Add component (AddParameter): Name = "Ready for use"; Value = "y"; VariantName = "[No Variations]"
Added Component: Designator=Q1(SOT23)
Add component (AddParameter): Name = "Fitted"; Value = "Fitted"; VariantName = "[No Variations]"
Add component (AddParameter): Name = "Generic"; Value = "Generic"; VariantName = "[No Variations]"
Add component (AddParameter): Name = "Manufacturer"; Value = "onsemi"; VariantName = "[No Variations]"
Add component (AddParameter): Name = "Manufacturer Part No"; Value = "BSS138"; VariantName = "[No Variations]"
Add component (AddParameter): Name = "Package Ref"; Value = "SOT23"; VariantName = "[No Variations]"
Add component (AddParameter): Name = "Part Reference"; Value = "BSS138"; VariantName = "[No Variations]"
Add component (AddParameter): Name = "Ready for use"; Value = "y"; VariantName = "[No Variations]"
Add component (AddParameter): Name = "Specification"; Value = "Vds 50V, Id 220mA"; VariantName = "[No Variations]"
Add component (AddParameter): Name = "Supplier"; Value = "Digi-Key"; VariantName = "[No Variations]"
Add component (AddParameter): Name = "Supplier Part No"; Value = "BSS138CT-ND"; VariantName = "[No Variations]"
Add component (AddParameter): Name = "Value"; Value = "NMOS"; VariantName = "[No Variations]"
Added Component: Designator=R1(R0603)
Add component (AddParameter): Name = "Fitted"; Value = "Fitted"; VariantName = "[No Variations]"
Add component (AddParameter): Name = "Generic"; Value = "Generic"; VariantName = "[No Variations]"
Add component (AddParameter): Name = "Manufacturer"; Value = "Vishay Dale"; VariantName = "[No Variations]"
Add component (AddParameter): Name = "Manufacturer Part No"; Value = "CRCW060322R0JNEA"; VariantName = "[No Variations]"
Add component (AddParameter): Name = "Package Ref"; Value = "R0603"; VariantName = "[No Variations]"
Add component (AddParameter): Name = "Part Reference"; Value = "CRCW060322R0JNEA"; VariantName = "[No Variations]"
Add component (AddParameter): Name = "Ready for use"; Value = "y"; VariantName = "[No Variations]"
Add component (AddParameter): Name = "Specification"; Value = "5%, 200ppm, 0.1W, AEC-Q200 Qualified"; VariantName = "[No Variations]"
Add component (AddParameter): Name = "Supplier"; Value = "Digi-Key"; VariantName = "[No Variations]"
Add component (AddParameter): Name = "Supplier Part No"; Value = "541-22GCT-ND"; VariantName = "[No Variations]"
Add component (AddParameter): Name = "Value"; Value = "22R"; VariantName = "[No Variations]"
Added Component: Designator=R2(R0603)
Add component (AddParameter): Name = "Fitted"; Value = "Fitted"; VariantName = "[No Variations]"
Add component (AddParameter): Name = "Generic"; Value = "Generic"; VariantName = "[No Variations]"
Add component (AddParameter): Name = "Manufacturer"; Value = "Vishay Dale"; VariantName = "[No Variations]"
Add component (AddParameter): Name = "Manufacturer Part No"; Value = "CRCW060310K0JNEA"; VariantName = "[No Variations]"
Add component (AddParameter): Name = "Package Ref"; Value = "R0603"; VariantName = "[No Variations]"
Add component (AddParameter): Name = "Part Reference"; Value = "CRCW060310K0JNEA"; VariantName = "[No Variations]"
Add component (AddParameter): Name = "Ready for use"; Value = "y"; VariantName = "[No Variations]"
Add component (AddParameter): Name = "Specification"; Value = "5%, 200ppm, 0.1W, AEC-Q200 Qualified"; VariantName = "[No Variations]"
Add component (AddParameter): Name = "Supplier"; Value = "Digi-Key"; VariantName = "[No Variations]"
Add component (AddParameter): Name = "Supplier Part No"; Value = "541-10KGCT-ND"; VariantName = "[No Variations]"
Add component (AddParameter): Name = "Value"; Value = "10K"; VariantName = "[No Variations]"
Added Component: Designator=R3(R0603)
Add component (AddParameter): Name = "Fitted"; Value = "Fitted"; VariantName = "[No Variations]"
Add component (AddParameter): Name = "Generic"; Value = "Generic"; VariantName = "[No Variations]"
Add component (AddParameter): Name = "Manufacturer"; Value = "Vishay Dale"; VariantName = "[No Variations]"
Add component (AddParameter): Name = "Manufacturer Part No"; Value = "CRCW06031M00JNEA"; VariantName = "[No Variations]"
Add component (AddParameter): Name = "Package Ref"; Value = "R0603"; VariantName = "[No Variations]"
Add component (AddParameter): Name = "Part Reference"; Value = "CRCW06031M00JNEA"; VariantName = "[No Variations]"
Add component (AddParameter): Name = "Ready for use"; Value = "y"; VariantName = "[No Variations]"
Add component (AddParameter): Name = "Specification"; Value = "5%, 200ppm, 0.1W, AEC-Q200 Qualified"; VariantName = "[No Variations]"
Add component (AddParameter): Name = "Supplier"; Value = "Digi-Key"; VariantName = "[No Variations]"
Add component (AddParameter): Name = "Supplier Part No"; Value = "541-1.0MGCT-ND"; VariantName = "[No Variations]"
Add component (AddParameter): Name = "Value"; Value = "1M"; VariantName = "[No Variations]"
Added Component: Designator=U1(GC9A01)
Add component (AddParameter): Name = "Fitted"; Value = "Fitted"; VariantName = "[No Variations]"
Add component (AddParameter): Name = "Generic"; Value = "Non Generic"; VariantName = "[No Variations]"
Add component (AddParameter): Name = "Manufacturer"; Value = "N/A"; VariantName = "[No Variations]"
Add component (AddParameter): Name = "Manufacturer Part No"; Value = "GC9A01"; VariantName = "[No Variations]"
Add component (AddParameter): Name = "Package Ref"; Value = "GC9A01"; VariantName = "[No Variations]"
Add component (AddParameter): Name = "Part Reference"; Value = "GC9A01"; VariantName = "[No Variations]"
Add component (AddParameter): Name = "Ready for use"; Value = "n"; VariantName = "[No Variations]"
Add component (AddParameter): Name = "Supplier"; Value = "N/A"; VariantName = "[No Variations]"
Add component (AddParameter): Name = "Supplier Part No"; Value = "N/A"; VariantName = "[No Variations]"
Add component (AddParameter): Name = "Value"; Value = "Display"; VariantName = "[No Variations]"
Added Pin To Net: NetName=+3V3 Pin=C1-1
Added Pin To Net: NetName=+3V3 Pin=C2-1
Added Pin To Net: NetName=+3V3 Pin=C3-1
Added Pin To Net: NetName=+3V3 Pin=J1-1
Added Pin To Net: NetName=+3V3 Pin=R1-2
Added Pin To Net: NetName=+3V3 Pin=U1-4
Added Net: Name=+3V3
Added Pin To Net: NetName=CLK Pin=J2-2
Added Pin To Net: NetName=CLK Pin=U1-9
Added Net: Name=CLK
Added Pin To Net: NetName=CSn Pin=J2-1
Added Pin To Net: NetName=CSn Pin=U1-8
Added Net: Name=CSn
Added Pin To Net: NetName=DC Pin=J1-2
Added Pin To Net: NetName=DC Pin=U1-7
Added Net: Name=DC
Added Pin To Net: NetName=GND Pin=C1-2
Added Pin To Net: NetName=GND Pin=C2-2
Added Pin To Net: NetName=GND Pin=C3-2
Added Pin To Net: NetName=GND Pin=J2-4
Added Pin To Net: NetName=GND Pin=Q1-2
Added Pin To Net: NetName=GND Pin=R3-1
Added Pin To Net: NetName=GND Pin=U1-1
Added Pin To Net: NetName=GND Pin=U1-5
Added Pin To Net: NetName=GND Pin=U1-6
Added Pin To Net: NetName=GND Pin=U1-12
Added Net: Name=GND
Added Pin To Net: NetName=MOSI Pin=J2-3
Added Pin To Net: NetName=MOSI Pin=U1-10
Added Net: Name=MOSI
Added Pin To Net: NetName=NetJ1_4 Pin=J1-4
Added Pin To Net: NetName=NetJ1_4 Pin=R2-1
Added Pin To Net: NetName=NetJ1_4 Pin=R3-2
Added Net: Name=NetJ1_4
Added Pin To Net: NetName=NetQ1_1 Pin=Q1-1
Added Pin To Net: NetName=NetQ1_1 Pin=R2-2
Added Net: Name=NetQ1_1
Added Pin To Net: NetName=NetQ1_3 Pin=Q1-3
Added Pin To Net: NetName=NetQ1_3 Pin=U1-2
Added Net: Name=NetQ1_3
Added Pin To Net: NetName=NetR1_1 Pin=R1-1
Added Pin To Net: NetName=NetR1_1 Pin=U1-3
Added Net: Name=NetR1_1
Added Pin To Net: NetName=RESETn Pin=J1-3
Added Pin To Net: NetName=RESETn Pin=U1-11
Added Net: Name=RESETn
Added Class: Name=Main
Added Room: Name=Main
