Change Component Designator: Old Designator=C200 New Designator=C100
Change Component Designator: Old Designator=C201 New Designator=C101
Change Component Designator: Old Designator=C202 New Designator=C102
Change Component Designator: Old Designator=J200 New Designator=J100
Change Component Designator: Old Designator=J201 New Designator=J101
Change Component Designator: Old Designator=J202 New Designator=J102
Change Component Designator: Old Designator=M200 New Designator=M100
Change Component Designator: Old Designator=M201 New Designator=M101
Change Component Designator: Old Designator=M202 New Designator=M102
Change Component Designator: Old Designator=M203 New Designator=M103
Change Component Designator: Old Designator=M204 New Designator=M104
Change Component Designator: Old Designator=M205 New Designator=M105
Change Component Designator: Old Designator=M206 New Designator=M106
Change Component Designator: Old Designator=M207 New Designator=M107
Change Component Designator: Old Designator=M208 New Designator=M108
Change Component Designator: Old Designator=TP200 New Designator=TP100
Change Component Designator: Old Designator=TP201 New Designator=TP101
Change Component Designator: Old Designator=TP202 New Designator=TP102
Change Component Designator: Old Designator=TP203 New Designator=TP103
Change Component Designator: Old Designator=U200 New Designator=U100
