Change Component Designator: Old Designator=C? New Designator=C200
Change Component Designator: Old Designator=C? New Designator=C201
Change Component Designator: Old Designator=C? New Designator=C202
Change Component Designator: Old Designator=J? New Designator=J200
Change Component Designator: Old Designator=J? New Designator=J201
Change Component Designator: Old Designator=J? New Designator=J202
Change Component Designator: Old Designator=M? New Designator=M200
Change Component Designator: Old Designator=M? New Designator=M201
Change Component Designator: Old Designator=M? New Designator=M202
Change Component Designator: Old Designator=M? New Designator=M203
Change Component Designator: Old Designator=M? New Designator=M204
Change Component Designator: Old Designator=M? New Designator=M205
Change Component Designator: Old Designator=M? New Designator=M206
Change Component Designator: Old Designator=M? New Designator=M207
Change Component Designator: Old Designator=M? New Designator=M208
Change Component Designator: Old Designator=TP? New Designator=TP200
Change Component Designator: Old Designator=TP? New Designator=TP201
Change Component Designator: Old Designator=TP? New Designator=TP202
Change Component Designator: Old Designator=TP? New Designator=TP203
Change Component Designator: Old Designator=U? New Designator=U200
