Change Component Designator: Old Designator=C100 New Designator=C200
Change Component Designator: Old Designator=C101 New Designator=C201
Change Component Designator: Old Designator=C102 New Designator=C202
Change Component Designator: Old Designator=C103 New Designator=C203
Change Component Designator: Old Designator=C104 New Designator=C204
Change Component Designator: Old Designator=C105 New Designator=C205
Change Component Designator: Old Designator=C106 New Designator=C206
Change Component Designator: Old Designator=C107 New Designator=C207
Change Component Designator: Old Designator=C108 New Designator=C208
Change Component Designator: Old Designator=C109 New Designator=C209
Change Component Designator: Old Designator=C110 New Designator=C210
Change Component Designator: Old Designator=C111 New Designator=C211
Change Component Designator: Old Designator=C112 New Designator=C212
Change Component Designator: Old Designator=C113 New Designator=C213
Change Component Designator: Old Designator=F100 New Designator=F200
Change Component Designator: Old Designator=J100 New Designator=J200
Change Component Designator: Old Designator=R100 New Designator=R200
Change Component Designator: Old Designator=R101 New Designator=R201
Change Component Designator: Old Designator=R102 New Designator=R202
Change Component Designator: Old Designator=R103 New Designator=R203
Change Component Designator: Old Designator=R104 New Designator=R204
Change Component Designator: Old Designator=R105 New Designator=R205
Change Component Designator: Old Designator=R106 New Designator=R206
Change Component Designator: Old Designator=SW100 New Designator=SW200
Change Component Designator: Old Designator=SW101 New Designator=SW201
Change Component Designator: Old Designator=TP100 New Designator=TP200
Change Component Designator: Old Designator=TP101 New Designator=TP201
Change Component Designator: Old Designator=TP102 New Designator=TP202
Change Component Designator: Old Designator=U100 New Designator=U200
Change Component Designator: Old Designator=U101 New Designator=U201
Change Component Designator: Old Designator=X100 New Designator=X200
