Replace Part C200 CAP in C:\Users\Mani\Documents\Projects\Smartknob\Electronics\Smartknob\Schematics\Microcontroller.SchDoc with CAP from Moonlight_Library.DbLib
Replace Part C201 CAP in C:\Users\Mani\Documents\Projects\Smartknob\Electronics\Smartknob\Schematics\Microcontroller.SchDoc with CAP from Moonlight_Library.DbLib
Replace Part C202 CAP in C:\Users\Mani\Documents\Projects\Smartknob\Electronics\Smartknob\Schematics\Microcontroller.SchDoc with CAP from Moonlight_Library.DbLib
Replace Part C203 CAP in C:\Users\Mani\Documents\Projects\Smartknob\Electronics\Smartknob\Schematics\Microcontroller.SchDoc with CAP from Moonlight_Library.DbLib
Replace Part C204 CAP in C:\Users\Mani\Documents\Projects\Smartknob\Electronics\Smartknob\Schematics\Microcontroller.SchDoc with CAP from Moonlight_Library.DbLib
Replace Part C205 CAP in C:\Users\Mani\Documents\Projects\Smartknob\Electronics\Smartknob\Schematics\Microcontroller.SchDoc with CAP from Moonlight_Library.DbLib
Replace Part C206 CAP in C:\Users\Mani\Documents\Projects\Smartknob\Electronics\Smartknob\Schematics\Microcontroller.SchDoc with CAP from Moonlight_Library.DbLib
Replace Part C207 CAP in C:\Users\Mani\Documents\Projects\Smartknob\Electronics\Smartknob\Schematics\Microcontroller.SchDoc with CAP from Moonlight_Library.DbLib
Replace Part C208 CAP in C:\Users\Mani\Documents\Projects\Smartknob\Electronics\Smartknob\Schematics\Microcontroller.SchDoc with CAP from Moonlight_Library.DbLib
Replace Part C209 CAP in C:\Users\Mani\Documents\Projects\Smartknob\Electronics\Smartknob\Schematics\Microcontroller.SchDoc with CAP from Moonlight_Library.DbLib
Replace Part C210 CAP in C:\Users\Mani\Documents\Projects\Smartknob\Electronics\Smartknob\Schematics\Microcontroller.SchDoc with CAP from Moonlight_Library.DbLib
Replace Part C211 CAP in C:\Users\Mani\Documents\Projects\Smartknob\Electronics\Smartknob\Schematics\Microcontroller.SchDoc with CAP from Moonlight_Library.DbLib
Replace Part C212 CAP in C:\Users\Mani\Documents\Projects\Smartknob\Electronics\Smartknob\Schematics\Microcontroller.SchDoc with CAP from Moonlight_Library.DbLib
Replace Part C213 CAP in C:\Users\Mani\Documents\Projects\Smartknob\Electronics\Smartknob\Schematics\Microcontroller.SchDoc with CAP from Moonlight_Library.DbLib
Replace Part F200 F_PTC in C:\Users\Mani\Documents\Projects\Smartknob\Electronics\Smartknob\Schematics\Microcontroller.SchDoc with F_PTC from Moonlight_Library.DbLib
Replace Part J200 DX07S016JA1R1500 in C:\Users\Mani\Documents\Projects\Smartknob\Electronics\Smartknob\Schematics\Microcontroller.SchDoc with DX07S016JA1R1500 from Moonlight_Library.DbLib
Replace Part R200 RES in C:\Users\Mani\Documents\Projects\Smartknob\Electronics\Smartknob\Schematics\Microcontroller.SchDoc with RES from Moonlight_Library.DbLib
Replace Part R201 RES in C:\Users\Mani\Documents\Projects\Smartknob\Electronics\Smartknob\Schematics\Microcontroller.SchDoc with RES from Moonlight_Library.DbLib
Replace Part R202 RES in C:\Users\Mani\Documents\Projects\Smartknob\Electronics\Smartknob\Schematics\Microcontroller.SchDoc with RES from Moonlight_Library.DbLib
Replace Part R203 RES in C:\Users\Mani\Documents\Projects\Smartknob\Electronics\Smartknob\Schematics\Microcontroller.SchDoc with RES from Moonlight_Library.DbLib
Replace Part R204 RES in C:\Users\Mani\Documents\Projects\Smartknob\Electronics\Smartknob\Schematics\Microcontroller.SchDoc with RES from Moonlight_Library.DbLib
Replace Part R205 RES in C:\Users\Mani\Documents\Projects\Smartknob\Electronics\Smartknob\Schematics\Microcontroller.SchDoc with RES from Moonlight_Library.DbLib
Replace Part R206 RES in C:\Users\Mani\Documents\Projects\Smartknob\Electronics\Smartknob\Schematics\Microcontroller.SchDoc with RES from Moonlight_Library.DbLib
Replace Part TP200 Testpoint in C:\Users\Mani\Documents\Projects\Smartknob\Electronics\Smartknob\Schematics\Microcontroller.SchDoc with Testpoint from Moonlight_Library.DbLib
Replace Part TP201 Testpoint in C:\Users\Mani\Documents\Projects\Smartknob\Electronics\Smartknob\Schematics\Microcontroller.SchDoc with Testpoint from Moonlight_Library.DbLib
Replace Part TP202 Testpoint in C:\Users\Mani\Documents\Projects\Smartknob\Electronics\Smartknob\Schematics\Microcontroller.SchDoc with Testpoint from Moonlight_Library.DbLib
Replace Part U200 W25Q128JVSIQ in C:\Users\Mani\Documents\Projects\Smartknob\Electronics\Smartknob\Schematics\Microcontroller.SchDoc with W25Q128JVSIQ from Moonlight_Library.DbLib
Replace Part U201 RP2040 in C:\Users\Mani\Documents\Projects\Smartknob\Electronics\Smartknob\Schematics\Microcontroller.SchDoc with RP2040 from Moonlight_Library.DbLib
Replace Part X200 XTAL-4 in C:\Users\Mani\Documents\Projects\Smartknob\Electronics\Smartknob\Schematics\Microcontroller.SchDoc with XTAL-4 from Moonlight_Library.DbLib
